[debug] [2020-01-08T01:40:41.886Z] ----------------------------------------------------------------------
[debug] [2020-01-08T01:40:41.887Z] Command:       /usr/local/bin/node /usr/local/bin/firebase lint
[debug] [2020-01-08T01:40:41.890Z] CLI Version:   7.11.0
[debug] [2020-01-08T01:40:41.890Z] Platform:      darwin
[debug] [2020-01-08T01:40:41.890Z] Node Version:  v10.15.1
[debug] [2020-01-08T01:40:41.890Z] Time:          Wed Jan 08 2020 08:40:41 GMT+0700 (Indochina Time)
[debug] [2020-01-08T01:40:41.891Z] ----------------------------------------------------------------------
[debug] [2020-01-08T01:40:41.891Z] 
[error] Error: [object Object] is not a Firebase command
[debug] [2020-01-08T01:40:41.896Z] TypeError: str.toLowerCase is not a function
    at didYouMean (/usr/local/lib/node_modules/firebase-tools/node_modules/didyoumean/didYouMean-1.2.1.js:147:48)
    at suggestCommands (/usr/local/lib/node_modules/firebase-tools/lib/index.js:28:22)
    at Command.<anonymous> (/usr/local/lib/node_modules/firebase-tools/lib/index.js:57:14)
    at Command.listener (/usr/local/lib/node_modules/firebase-tools/node_modules/commander/index.js:370:29)
    at Command.emit (events.js:189:13)
    at Command.EventEmitter.emit (domain.js:441:20)
    at Command.parseArgs (/usr/local/lib/node_modules/firebase-tools/node_modules/commander/index.js:894:12)
    at Command.parse (/usr/local/lib/node_modules/firebase-tools/node_modules/commander/index.js:642:21)
    at Object.<anonymous> (/usr/local/lib/node_modules/firebase-tools/lib/bin/firebase.js:98:22)
    at Module._compile (internal/modules/cjs/loader.js:689:30)
    at Object.Module._extensions..js (internal/modules/cjs/loader.js:700:10)
    at Module.load (internal/modules/cjs/loader.js:599:32)
    at tryModuleLoad (internal/modules/cjs/loader.js:538:12)
    at Function.Module._load (internal/modules/cjs/loader.js:530:3)
    at Function.Module.runMain (internal/modules/cjs/loader.js:742:12)
    at startup (internal/bootstrap/node.js:283:19)
[error] 
[error] Error: An unexpected error has occurred.
[debug] [2020-01-08T01:41:09.117Z] ----------------------------------------------------------------------
[debug] [2020-01-08T01:41:09.119Z] Command:       /usr/local/bin/node /usr/local/bin/firebase logs
[debug] [2020-01-08T01:41:09.119Z] CLI Version:   7.11.0
[debug] [2020-01-08T01:41:09.119Z] Platform:      darwin
[debug] [2020-01-08T01:41:09.119Z] Node Version:  v10.15.1
[debug] [2020-01-08T01:41:09.119Z] Time:          Wed Jan 08 2020 08:41:09 GMT+0700 (Indochina Time)
[debug] [2020-01-08T01:41:09.119Z] ----------------------------------------------------------------------
[debug] [2020-01-08T01:41:09.119Z] 
[error] Error: [object Object] is not a Firebase command
[debug] [2020-01-08T01:41:09.123Z] TypeError: str.toLowerCase is not a function
    at didYouMean (/usr/local/lib/node_modules/firebase-tools/node_modules/didyoumean/didYouMean-1.2.1.js:147:48)
    at suggestCommands (/usr/local/lib/node_modules/firebase-tools/lib/index.js:28:22)
    at Command.<anonymous> (/usr/local/lib/node_modules/firebase-tools/lib/index.js:57:14)
    at Command.listener (/usr/local/lib/node_modules/firebase-tools/node_modules/commander/index.js:370:29)
    at Command.emit (events.js:189:13)
    at Command.EventEmitter.emit (domain.js:441:20)
    at Command.parseArgs (/usr/local/lib/node_modules/firebase-tools/node_modules/commander/index.js:894:12)
    at Command.parse (/usr/local/lib/node_modules/firebase-tools/node_modules/commander/index.js:642:21)
    at Object.<anonymous> (/usr/local/lib/node_modules/firebase-tools/lib/bin/firebase.js:98:22)
    at Module._compile (internal/modules/cjs/loader.js:689:30)
    at Object.Module._extensions..js (internal/modules/cjs/loader.js:700:10)
    at Module.load (internal/modules/cjs/loader.js:599:32)
    at tryModuleLoad (internal/modules/cjs/loader.js:538:12)
    at Function.Module._load (internal/modules/cjs/loader.js:530:3)
    at Function.Module.runMain (internal/modules/cjs/loader.js:742:12)
    at startup (internal/bootstrap/node.js:283:19)
[error] 
[error] Error: An unexpected error has occurred.
